TN:
SF:src/components/Contact.js
FN:1,(anonymous_0)
FNF:1
FNH:1
FNDA:1,(anonymous_0)
DA:1,1
DA:2,1
LF:2
LH:2
BRF:0
BRH:0
end_of_record
TN:
SF:src/components/Header.js
FN:9,(anonymous_0)
FN:16,(anonymous_1)
FN:57,(anonymous_2)
FNF:3
FNH:3
FNDA:3,(anonymous_0)
FNDA:5,(anonymous_1)
FNDA:1,(anonymous_2)
DA:9,1
DA:10,3
DA:11,3
DA:12,3
DA:16,5
DA:18,3
DA:58,1
LF:7
LH:7
BRDA:26,0,0,3
BRDA:26,0,1,0
BRDA:58,1,0,1
BRDA:58,1,1,0
BRF:4
BRH:2
end_of_record
TN:
SF:src/components/sum.js
FN:1,(anonymous_0)
FNF:1
FNH:1
FNDA:1,(anonymous_0)
DA:1,1
DA:2,1
LF:2
LH:2
BRF:0
BRH:0
end_of_record
TN:
SF:src/utils/ UserContext.js
FNF:0
FNH:0
DA:3,1
LF:1
LH:1
BRF:0
BRH:0
end_of_record
TN:
SF:src/utils/AppStore.js
FNF:0
FNH:0
DA:3,1
LF:1
LH:1
BRF:0
BRH:0
end_of_record
TN:
SF:src/utils/CartSlice.js
FN:9,(anonymous_0)
FN:13,(anonymous_1)
FN:16,(anonymous_2)
FNF:3
FNH:0
FNDA:0,(anonymous_0)
FNDA:0,(anonymous_1)
FNDA:0,(anonymous_2)
DA:3,1
DA:11,0
DA:14,0
DA:17,0
DA:22,1
LF:5
LH:2
BRF:0
BRH:0
end_of_record
TN:
SF:src/utils/Constants.js
FNF:0
FNH:0
DA:2,1
DA:5,1
DA:8,1
DA:11,1
LF:4
LH:4
BRF:0
BRH:0
end_of_record
TN:
SF:src/utils/useOnlineStatus.js
FN:3,(anonymous_0)
FN:6,(anonymous_1)
FN:7,(anonymous_2)
FN:11,(anonymous_3)
FNF:4
FNH:2
FNDA:3,(anonymous_0)
FNDA:2,(anonymous_1)
FNDA:0,(anonymous_2)
FNDA:0,(anonymous_3)
DA:3,1
DA:4,3
DA:6,3
DA:7,2
DA:8,0
DA:11,2
DA:12,0
DA:15,3
LF:8
LH:6
BRF:0
BRH:0
end_of_record
